<?xml version="1.0" encoding="UTF-8" ?>
<testsuite failures="0" time="0.009" errors="0" skipped="0" tests="4" name="metier.project.mesures.MesureComplexeTest">
  <properties>
[...]
</properties>
  <testcase time="0" classname="metier.project.mesures.MesureComplexeTest" name="conversiontestMonnaieVanatuIles"/>
  <testcase time="0" classname="metier.project.mesures.MesureComplexeTest" name="conversiontestTemperatures"/>
  <testcase time="0.001" classname="metier.project.mesures.MesureComplexeTest" name="conversiontestMonnaieEur"/>
  <testcase time="0.001" classname="metier.project.mesures.MesureComplexeTest" name="conversiontestMonnaieAustralia"/>
</testsuite>